[ 2025-03-10 18:18:00,154 ] 1025 httpx - INFO - HTTP Request: GET https://dagshub.com/api/v1/user "HTTP/1.1 200 OK"
[ 2025-03-10 18:18:00,159 ] 107 dagshub - INFO - Accessing as ssmilet0
[ 2025-03-10 18:18:00,545 ] 1025 httpx - INFO - HTTP Request: GET https://dagshub.com/api/v1/repos/ssmilet0/networksecurity "HTTP/1.1 200 OK"
[ 2025-03-10 18:18:00,838 ] 1025 httpx - INFO - HTTP Request: GET https://dagshub.com/api/v1/user "HTTP/1.1 200 OK"
[ 2025-03-10 18:18:00,840 ] 107 dagshub - INFO - Initialized MLflow to track repo "ssmilet0/networksecurity"
[ 2025-03-10 18:18:00,840 ] 107 dagshub - INFO - Repository ssmilet0/networksecurity initialized!
[ 2025-03-10 18:19:28,524 ] 34 root - INFO - Start Data Ingestion
[ 2025-03-10 18:19:29,261 ] 63 root - INFO - Performed train test split on the dataframe
[ 2025-03-10 18:19:29,262 ] 64 root - INFO - Exited split_data_as_train_test method of Data Ingestion class
[ 2025-03-10 18:19:29,262 ] 70 root - INFO - Exporting train and test file path.
[ 2025-03-10 18:19:29,325 ] 77 root - INFO - Exported train and test file path
[ 2025-03-10 18:19:29,325 ] 37 root - INFO - Data Ingestion Completed and artifact: DataIngestionArtifact(trained_file_path='Artifacts\\03_10_2025_18_17_52\\data_ingestion\\ingested\\train.csv', test_file_path='Artifacts\\03_10_2025_18_17_52\\data_ingestion\\ingested\\test.csv')
[ 2025-03-10 18:19:29,335 ] 47 root - INFO - Initiate the data Validation
[ 2025-03-10 18:19:29,375 ] 32 root - INFO - Required number of columns:2
[ 2025-03-10 18:19:29,375 ] 33 root - INFO - Data frame has columns:31
[ 2025-03-10 18:19:29,375 ] 32 root - INFO - Required number of columns:2
[ 2025-03-10 18:19:29,375 ] 33 root - INFO - Data frame has columns:31
[ 2025-03-10 18:19:29,512 ] 61 root - INFO - Entered initiate_data_transformation method of DataTransformation class
[ 2025-03-10 18:19:29,512 ] 63 root - INFO - Starting data transformation
[ 2025-03-10 18:19:29,531 ] 47 root - INFO - Entered get_data_transformer_object method of Transformer class
[ 2025-03-10 18:19:29,531 ] 52 root - INFO - Initialise KNNImputer with {'missing_values': nan, 'n_neighbors': 3, 'weights': 'uniform'}
[ 2025-03-10 18:19:29,542 ] 46 root - INFO - Entered the save_object method of MainUtils class
[ 2025-03-10 18:19:29,545 ] 50 root - INFO - Exited the save_object method of MainUtils class
[ 2025-03-10 18:19:29,545 ] 46 root - INFO - Entered the save_object method of MainUtils class
[ 2025-03-10 18:19:29,546 ] 50 root - INFO - Exited the save_object method of MainUtils class
[ 2025-03-10 18:22:07,968 ] 46 root - INFO - Entered the save_object method of MainUtils class
[ 2025-03-10 18:22:07,969 ] 50 root - INFO - Exited the save_object method of MainUtils class
[ 2025-03-10 18:22:07,969 ] 46 root - INFO - Entered the save_object method of MainUtils class
[ 2025-03-10 18:22:07,973 ] 50 root - INFO - Exited the save_object method of MainUtils class
[ 2025-03-10 18:22:07,973 ] 126 root - INFO - Model trainer artifact: ModelTrainerArtifact(trained_model_file_path='Artifacts\\03_10_2025_18_17_52\\model_trainer\\trained_model\\model.pkl', train_metric_artifact=ClassificationMetricArtifact(f1_score=0.9912466042861455, precision_score=0.98757016840417, recall_score=0.9949505150474651), test_metric_artifact=ClassificationMetricArtifact(f1_score=0.9724845995893224, precision_score=0.9633848657445078, recall_score=0.9817578772802653))
