[ 2025-03-10 17:20:13,785 ] 1025 httpx - INFO - HTTP Request: GET https://dagshub.com/api/v1/user "HTTP/1.1 200 OK"
[ 2025-03-10 17:20:13,791 ] 107 dagshub - INFO - Accessing as ssmilet0
[ 2025-03-10 17:20:14,101 ] 1025 httpx - INFO - HTTP Request: GET https://dagshub.com/api/v1/repos/ssmilet0/networksecurity "HTTP/1.1 200 OK"
[ 2025-03-10 17:20:14,337 ] 1025 httpx - INFO - HTTP Request: GET https://dagshub.com/api/v1/user "HTTP/1.1 200 OK"
[ 2025-03-10 17:20:14,339 ] 107 dagshub - INFO - Initialized MLflow to track repo "ssmilet0/networksecurity"
[ 2025-03-10 17:20:14,339 ] 107 dagshub - INFO - Repository ssmilet0/networksecurity initialized!
[ 2025-03-10 17:20:14,340 ] 17 root - INFO - Initiate the data ingestion
[ 2025-03-10 17:20:15,190 ] 63 root - INFO - Performed train test split on the dataframe
[ 2025-03-10 17:20:15,190 ] 64 root - INFO - Exited split_data_as_train_test method of Data Ingestion class
[ 2025-03-10 17:20:15,191 ] 70 root - INFO - Exporting train and test file path.
[ 2025-03-10 17:20:15,247 ] 77 root - INFO - Exported train and test file path
[ 2025-03-10 17:20:15,247 ] 19 root - INFO - Data Initiation completed
[ 2025-03-10 17:20:15,261 ] 24 root - INFO - Initiate the data validation
[ 2025-03-10 17:20:15,301 ] 32 root - INFO - Required number of columns:2
[ 2025-03-10 17:20:15,301 ] 33 root - INFO - Data frame has columns:31
[ 2025-03-10 17:20:15,301 ] 32 root - INFO - Required number of columns:2
[ 2025-03-10 17:20:15,302 ] 33 root - INFO - Data frame has columns:31
[ 2025-03-10 17:20:15,422 ] 26 root - INFO - data Validation completed
[ 2025-03-10 17:20:15,422 ] 30 root - INFO - data transformation started
[ 2025-03-10 17:20:15,422 ] 61 root - INFO - Entered initiate_data_transformation method of DataTransformation class
[ 2025-03-10 17:20:15,422 ] 63 root - INFO - Starting data transformation
[ 2025-03-10 17:20:15,464 ] 47 root - INFO - Entered get_data_transformer_object method of Transformer class
[ 2025-03-10 17:20:15,464 ] 52 root - INFO - Initialise KNNImputer with {'missing_values': nan, 'n_neighbors': 3, 'weights': 'uniform'}
[ 2025-03-10 17:20:15,473 ] 46 root - INFO - Entered the save_object method of MainUtils class
[ 2025-03-10 17:20:15,475 ] 50 root - INFO - Exited the save_object method of MainUtils class
[ 2025-03-10 17:20:15,475 ] 46 root - INFO - Entered the save_object method of MainUtils class
[ 2025-03-10 17:20:15,477 ] 50 root - INFO - Exited the save_object method of MainUtils class
[ 2025-03-10 17:20:15,478 ] 34 root - INFO - data transformation completed
[ 2025-03-10 17:20:15,478 ] 37 root - INFO - Model Training start
[ 2025-03-10 17:22:49,907 ] 46 root - INFO - Entered the save_object method of MainUtils class
[ 2025-03-10 17:22:49,907 ] 50 root - INFO - Exited the save_object method of MainUtils class
[ 2025-03-10 17:22:49,907 ] 46 root - INFO - Entered the save_object method of MainUtils class
[ 2025-03-10 17:22:49,923 ] 50 root - INFO - Exited the save_object method of MainUtils class
[ 2025-03-10 17:22:49,923 ] 126 root - INFO - Model trainer artifact: ModelTrainerArtifact(trained_model_file_path='Artifacts\\03_10_2025_17_20_06\\model_trainer\\trained_model\\model.pkl', train_metric_artifact=ClassificationMetricArtifact(f1_score=0.9912494912494912, precision_score=0.9882329072834246, recall_score=0.9942845478669116), test_metric_artifact=ClassificationMetricArtifact(f1_score=0.9751675206937328, precision_score=0.9671618451915559, recall_score=0.9833068362480127))
[ 2025-03-10 17:22:49,925 ] 41 root - INFO - Model Training artifact created
